<?xml version="1.0" encoding="UTF-8"?>
<!-- Generated by org.testng.reporters.JUnitReportReporter -->
<testsuite hostname="LNGDAYL-7008950" failures="0" tests="7" name="io.branch.tests.TeamTests" time="40.448" errors="0" timestamp="24 May 2018 05:26:47 GMT" skipped="6">
  <testcase classname="io.branch.tests.TeamTests" name="validateEmployeeImages" time="40.448"/>
  <testcase classname="io.branch.tests.TeamTests" name="validateMissingEmployeeNamesInDeptTabs">
    <skipped/>
  </testcase> <!-- validateMissingEmployeeNamesInDeptTabs -->
  <testcase classname="io.branch.tests.TeamTests" name="validateBrokenLinksOnTeamPage">
    <skipped/>
  </testcase> <!-- validateBrokenLinksOnTeamPage -->
  <testcase classname="io.branch.tests.TeamTests" name="validateDeptCount">
    <skipped/>
  </testcase> <!-- validateDeptCount -->
  <testcase classname="io.branch.tests.TeamTests" name="validateEmployeeNames">
    <skipped/>
  </testcase> <!-- validateEmployeeNames -->
  <testcase classname="io.branch.tests.TeamTests" name="validateEmployeeCount">
    <skipped/>
  </testcase> <!-- validateEmployeeCount -->
  <testcase classname="io.branch.tests.TeamTests" name="validateSignUpForDemoRequest">
    <skipped/>
  </testcase> <!-- validateSignUpForDemoRequest -->
</testsuite> <!-- io.branch.tests.TeamTests -->
